<?xml version='1.0' encoding='UTF-8'?>
<testsuite hostname="DESKTOP-3CC253O" name="HelloSpec" tests="3" errors="0" failures="0" skipped="0" time="0.024" timestamp="2021-01-14T14:02:41">
                     <properties>
      <property name="jline.esc.timeout" value="0"/><property name="java.runtime.name" value="OpenJDK Runtime Environment"/><property name="sun.boot.library.path" value="C:\Users\steve\AppData\Local\Coursier\cache\jvm\adopt@1.8.0-272\jre\bin"/><property name="java.vm.version" value="25.272-b10"/><property name="java.vm.vendor" value="AdoptOpenJDK"/><property name="java.vendor.url" value="https://adoptopenjdk.net/"/><property name="path.separator" value=";"/><property name="jna.loaded" value="true"/><property name="java.vm.name" value="OpenJDK 64-Bit Server VM"/><property name="file.encoding.pkg" value="sun.io"/><property name="user.country" value="US"/><property name="user.script" value=""/><property name="sun.java.launcher" value="SUN_STANDARD"/><property name="sun.os.patch.level" value=""/><property name="jna.nosys" value="true"/><property name="java.vm.specification.name" value="Java Virtual Machine Specification"/><property name="user.dir" value="C:\Users\steve\CS\scala\sbt-build"/><property name="java.runtime.version" value="1.8.0_272-b10"/><property name="java.awt.graphicsenv" value="sun.awt.Win32GraphicsEnvironment"/><property name="java.endorsed.dirs" value="C:\Users\steve\AppData\Local\Coursier\cache\jvm\adopt@1.8.0-272\jre\lib\endorsed"/><property name="os.arch" value="amd64"/><property name="com.ibm.vm.bitmode" value="64"/><property name="java.io.tmpdir" value="C:\Users\steve\AppData\Local\Temp\"/><property name="line.separator" value="
"/><property name="java.vm.specification.vendor" value="Oracle Corporation"/><property name="log4j.ignoreTCL" value="true"/><property name="user.variant" value=""/><property name="os.name" value="Windows 10"/><property name="sun.jnu.encoding" value="Cp1252"/><property name="jnidispatch.path" value="C:\Users\steve\AppData\Local\Temp\jna-109761491\jna315323520106266297.dll"/><property name="java.library.path" value="C:\Users\steve\AppData\Local\Coursier\cache\jvm\adopt@1.8.0-272\bin;C:\WINDOWS\Sun\Java\bin;C:\WINDOWS\system32;C:\WINDOWS;C:\Program Files\Python37\Scripts\;C:\Program Files\Python37\;C:\Program Files\Common Files\Oracle\Java\javapath;C:\Program Files\poppler-0.68.0\bin;C:\Program Files (x86)\NVIDIA Corporation\PhysX\Common;C:\WINDOWS\system32;C:\WINDOWS;C:\WINDOWS\System32\Wbem;C:\WINDOWS\System32\WindowsPowerShell\v1.0\;C:\WINDOWS\System32\OpenSSH\;C:\bin;C:\Program Files (x86)\Tesseract-OCR;C:\Program Files\Amazon\AWSCLIV2\;C:\Program Files\Git\cmd;&quot;;C:\winutils\\bin;&quot;;C:\Users\steve\google-cloud-sdk-314.0.0-windows-x86_64\google-cloud-sdk\bin;C:\Users\steve\AppData\Local\Programs\Python\Python38-32\Scripts\;C:\Users\steve\AppData\Local\Programs\Python\Python38-32\;C:\Users\steve\anaconda3;C:\Users\steve\anaconda3\Library\mingw-w64\bin;C:\Users\steve\anaconda3\Library\usr\bin;C:\Users\steve\anaconda3\Library\bin;C:\Users\steve\anaconda3\Scripts;C:\Users\steve\AppData\Local\Microsoft\WindowsApps;C:\Users\steve\AppData\Local\Programs\Microsoft VS Code\bin;C:\Program Files\heroku\bin;C:\Users\steve\AppData\Local\Google\Cloud SDK\google-cloud-sdk\bin;C:\Users\steve\AppData\Local\Coursier\cache\jvm\adopt@1.8.0-272\bin;C:\Users\steve\AppData\Local\Coursier\data\bin;C:\Program Files\JetBrains\IntelliJ IDEA Community Edition 2020.2.3\bin;;C:\Program Files (x86)\Tesseract-OCR;;C:\Users\steve\.ebcli-virtual-env\executables;."/><property name="java.specification.name" value="Java Platform API Specification"/><property name="java.class.version" value="52.0"/><property name="sun.management.compiler" value="HotSpot 64-Bit Tiered Compilers"/><property name="os.version" value="10.0"/><property name="coursier.mainJar" value="C:\Users\steve\AppData\Local\Coursier\data\bin\sbt.bat"/><property name="swoval.tmpdir" value="C:\Users\steve\.sbt\1.0"/><property name="user.home" value="C:\Users\steve"/><property name="user.timezone" value="America/Los_Angeles"/><property name="java.awt.printerjob" value="sun.awt.windows.WPrinterJob"/><property name="file.encoding" value="Cp1252"/><property name="java.specification.version" value="1.8"/><property name="java.class.path" value="C:\Users\steve\AppData\Local\Coursier\data\bin\sbt.bat;C:\Users\steve\AppData\Local\Coursier\cache\v1\https\repo1.maven.org\maven2\io\get-coursier\sbt\sbt-runner\0.2.0\sbt-runner-0.2.0.jar;C:\Users\steve\AppData\Local\Coursier\cache\v1\https\repo1.maven.org\maven2\org\scala-sbt\sbt-launch\1.4.1\sbt-launch-1.4.1.jar"/><property name="user.name" value="steve"/><property name="jline.shutdownhook" value="false"/><property name="java.vm.specification.version" value="1.8"/><property name="sun.java.command" value="C:\Users\steve\AppData\Local\Coursier\data\bin\sbt.bat"/><property name="java.home" value="C:\Users\steve\AppData\Local\Coursier\cache\jvm\adopt@1.8.0-272\jre"/><property name="sun.arch.data.model" value="64"/><property name="user.language" value="en"/><property name="java.specification.vendor" value="Oracle Corporation"/><property name="awt.toolkit" value="sun.awt.windows.WToolkit"/><property name="java.vm.info" value="mixed mode"/><property name="bootstrap.mainClass" value="xsbt.boot.Boot"/><property name="java.version" value="1.8.0_272"/><property name="sbt-launch.version" value="1.4.1"/><property name="java.ext.dirs" value="C:\Users\steve\AppData\Local\Coursier\cache\jvm\adopt@1.8.0-272\jre\lib\ext;C:\WINDOWS\Sun\Java\lib\ext"/><property name="sun.boot.class.path" value="C:\Users\steve\AppData\Local\Coursier\cache\jvm\adopt@1.8.0-272\jre\lib\resources.jar;C:\Users\steve\AppData\Local\Coursier\cache\jvm\adopt@1.8.0-272\jre\lib\rt.jar;C:\Users\steve\AppData\Local\Coursier\cache\jvm\adopt@1.8.0-272\jre\lib\sunrsasign.jar;C:\Users\steve\AppData\Local\Coursier\cache\jvm\adopt@1.8.0-272\jre\lib\jsse.jar;C:\Users\steve\AppData\Local\Coursier\cache\jvm\adopt@1.8.0-272\jre\lib\jce.jar;C:\Users\steve\AppData\Local\Coursier\cache\jvm\adopt@1.8.0-272\jre\lib\charsets.jar;C:\Users\steve\AppData\Local\Coursier\cache\jvm\adopt@1.8.0-272\jre\lib\jfr.jar;C:\Users\steve\AppData\Local\Coursier\cache\jvm\adopt@1.8.0-272\jre\classes"/><property name="java.vendor" value="AdoptOpenJDK"/><property name="sun.stderr.encoding" value="cp437"/><property name="file.separator" value="\"/><property name="java.vendor.url.bug" value="https://github.com/AdoptOpenJDK/openjdk-support/issues"/><property name="sun.io.unicode.encoding" value="UnicodeLittle"/><property name="sun.cpu.endian" value="little"/><property name="sun.stdout.encoding" value="cp437"/><property name="sun.desktop" value="windows"/><property name="prog.dir" value="C:\\Users\\steve\\AppData\\Local\\Coursier\\data\\bin\"/><property name="sun.cpu.isalist" value="amd64"/>
    </properties>
                     <testcase classname="HelloSpec" name="Hello should start with H" time="0.021">
                                                 
                                               </testcase><testcase classname="HelloSpec" name="Hello with assertResult" time="0.002">
                                                 
                                               </testcase><testcase classname="HelloSpec" name="assertThrows example" time="0.001">
                                                 
                                               </testcase>
                     <system-out><![CDATA[]]></system-out>
                     <system-err><![CDATA[]]></system-err>
                   </testsuite>